Arguments: 
  C:\Program Files\nodejs\node.exe C:\Users\lenovo\AppData\Roaming\npm\node_modules\yarn\bin\yarn.js install --ignore-engines

PATH: 
  C:\Program Files\Git\mingw64\bin;C:\Program Files\Git\usr\bin;C:\Users\lenovo\bin;C:\ProgramData\Oracle\Java\javapath;C:\Ruby25-x64\bin;C:\Program Files\Java\jdk1.7.0_45\bin;C:\Windows\system32;C:\Windows;C:\Windows\System32\Wbem;C:\Windows\System32\WindowsPowerShell\v1.0;C:\Program Files (x86)\Common Files\Lenovo;C:\ProgramData\Lenovo\ReadyApps;C:\Program Files\Git\cmd;C:\Program Files\nodejs;C:\Program Files\TortoiseGit\bin;C:\Program Files\TortoiseSVN\bin;C:\Program Files\Microsoft VS Code\bin;C:\Program Files\Microsoft VS Code\bin;C:\Users\lenovo\AppData\Roaming\npm

Yarn version: 
  1.6.0

Node version: 
  8.10.0

Platform: 
  win32 x64

Trace: 
  Error: EEXIST: file already exists, mkdir 'D:\share\node_modules\anymatch\node_modules\expand-brackets\node_modules'

npm manifest: 
  {
    "name": "nodejs-getting-started",
    "description": "getting started with nodejs on sinacloud platform",
    "version": "0.0.1",
    "main": "./dist/my-ts.js",
    "types": "./dist/types/index.d.ts",
    "private": true,
    "engines": {
      "node": "10.10.0"
    },
    "scripts": {
      "start": "node index.js",
      "build": "webpack"
    },
    "files": [
      "dist"
    ],
    "dependencies": {
      "@types/jest": "^23.3.1",
      "@types/node": "^10.5.5",
      "clean-webpack-plugin": "^1.0.1",
      "jest": "^23.4.2",
      "prettier": "^1.16.4",
      "ts-jest": "^23.0.1",
      "ts-lint": "^4.5.1",
      "ts-loader": "^5.3.3",
      "tslint": "^5.11.0",
      "tslint-loader": "^3.5.4",
      "typescript": "^3.0.1",
      "webpack": "^4.28.1",
      "@types/jquery": "1",
      "@types/jquery.form": "^3.26.30",
      "express": "^4.16.4",
      "forwarded": "^0.1.2",
      "inherits": "^2.0.3",
      "ipaddr.js": "^1.8.1",
      "lodash": "^4.17.15",
      "mysql": "^2.16.0",
      "request": "^2.79.0"
    },
    "browserify-shim": {
      "jquery": "global:jQuery",
      "template": "global:template",
      "moment": "global:moment"
    },
    "devDependencies": {
      "@webassemblyjs/ast": "^1.8.5",
      "@webassemblyjs/floating-point-hex-parser": "^1.8.5",
      "@webassemblyjs/helper-api-error": "^1.8.5",
      "@webassemblyjs/helper-code-frame": "^1.8.5",
      "@webassemblyjs/helper-fsm": "^1.8.5",
      "@webassemblyjs/ieee754": "^1.8.5",
      "@webassemblyjs/wasm-parser": "^1.8.5",
      "@webassemblyjs/wast-parser": "^1.8.5",
      "@webassemblyjs/wast-printer": "^1.8.5",
      "@xtuc/long": "^4.2.2",
      "acorn": "^6.2.0",
      "babel-cli": "^6.26.0",
      "babel-preset-env": "^1.7.0",
      "enhanced-resolve": "^4.1.0",
      "json-parse-better-errors": "^1.0.2",
      "loader-runner": "^3.0.0",
      "mkdirp": "^0.5.1",
      "neo-async": "^2.6.1",
      "p-limit": "^2.2.0",
      "p-locate": "^4.1.0",
      "p-try": "^2.2.0",
      "path-exists": "^4.0.0",
      "resolve-from": "^5.0.0",
      "source-list-map": "^2.0.1",
      "source-map": "^0.7.3",
      "tapable": "^1.1.3",
      "ts-loader": "^5.4.5",
      "typescript": "^3.5.3",
      "watchpack": "^1.6.0",
      "webpack": "^4.36.1",
      "webpack-cli": "^3.3.6",
      "webpack-sources": "^1.3.0"
    }
  }

yarn manifest: 
  No manifest

Lockfile: 
  No lockfile
